<?xml version="1.0" encoding="UTF-8"?>
<!-- Generated by org.testng.reporters.JUnitReportReporter -->
<testsuite hostname="LAPTOP-TERREMF5" failures="0" tests="1" name="Module1_LoginTest.SwagLabLoginTestA" time="5.877" errors="0" timestamp="2024-12-01T19:58:54 IST" skipped="0">
  <testcase classname="Module1_LoginTest.SwagLabLoginTestA" name="verifylogo" time="5.877"/>
  <system-out/>
</testsuite> <!-- Module1_LoginTest.SwagLabLoginTestA -->
